<?xml version="1.0" encoding="UTF-8"?>
<testng-results skipped="0" failed="0" ignored="0" total="2" passed="2">
  <reporter-output>
  </reporter-output>
  <suite name="TestAll" duration-ms="19899" started-at="2018-06-06T03:17:59Z" finished-at="2018-06-06T03:18:19Z">
    <groups>
      <group name="cucumber">
        <method signature="AbstractTestNGCucumberTests.feature(cucumber.api.testng.CucumberFeatureWrapper)[pri:0, instance:runner.TestNGRun1@73ad2d6]" name="feature" class="cucumber.api.testng.AbstractTestNGCucumberTests"/>
        <method signature="AbstractTestNGCucumberTests.feature(cucumber.api.testng.CucumberFeatureWrapper)[pri:0, instance:runner.TestNGRun2@4bec1f0c]" name="feature" class="cucumber.api.testng.AbstractTestNGCucumberTests"/>
      </group> <!-- cucumber -->
    </groups>
    <test name="Window2" duration-ms="18774" started-at="2018-06-06T03:17:59Z" finished-at="2018-06-06T03:18:18Z">
      <class name="runner.TestNGRun2">
        <test-method status="PASS" signature="setUpClass()[pri:0, instance:runner.TestNGRun2@4bec1f0c]" name="setUpClass" is-config="true" duration-ms="261" started-at="2018-06-05T23:17:59Z" finished-at="2018-06-05T23:17:59Z">
          <reporter-output>
          </reporter-output>
        </test-method> <!-- setUpClass -->
        <test-method status="PASS" signature="feature(cucumber.api.testng.CucumberFeatureWrapper)[pri:0, instance:runner.TestNGRun2@4bec1f0c]" name="feature" duration-ms="18337" started-at="2018-06-05T23:17:59Z" description="Runs Cucumber Feature" data-provider="features" finished-at="2018-06-05T23:18:18Z">
          <params>
            <param index="0">
              <value>
                <![CDATA[GoogleSearch]]>
              </value>
            </param>
          </params>
          <reporter-output>
          </reporter-output>
        </test-method> <!-- feature -->
        <test-method status="PASS" signature="tearDownClass()[pri:0, instance:runner.TestNGRun2@4bec1f0c]" name="tearDownClass" is-config="true" duration-ms="30" started-at="2018-06-05T23:18:18Z" finished-at="2018-06-05T23:18:18Z">
          <reporter-output>
          </reporter-output>
        </test-method> <!-- tearDownClass -->
      </class> <!-- runner.TestNGRun2 -->
    </test> <!-- Window2 -->
    <test name="Window1" duration-ms="19897" started-at="2018-06-06T03:17:59Z" finished-at="2018-06-06T03:18:19Z">
      <class name="runner.TestNGRun1">
        <test-method status="PASS" signature="setUpClass()[pri:0, instance:runner.TestNGRun1@73ad2d6]" name="setUpClass" is-config="true" duration-ms="263" started-at="2018-06-05T23:17:59Z" finished-at="2018-06-05T23:17:59Z">
          <reporter-output>
          </reporter-output>
        </test-method> <!-- setUpClass -->
        <test-method status="PASS" signature="feature(cucumber.api.testng.CucumberFeatureWrapper)[pri:0, instance:runner.TestNGRun1@73ad2d6]" name="feature" duration-ms="19466" started-at="2018-06-05T23:17:59Z" description="Runs Cucumber Feature" data-provider="features" finished-at="2018-06-05T23:18:19Z">
          <params>
            <param index="0">
              <value>
                <![CDATA[GoogleSearch]]>
              </value>
            </param>
          </params>
          <reporter-output>
          </reporter-output>
        </test-method> <!-- feature -->
        <test-method status="PASS" signature="tearDownClass()[pri:0, instance:runner.TestNGRun1@73ad2d6]" name="tearDownClass" is-config="true" duration-ms="29" started-at="2018-06-05T23:18:19Z" finished-at="2018-06-05T23:18:19Z">
          <reporter-output>
          </reporter-output>
        </test-method> <!-- tearDownClass -->
      </class> <!-- runner.TestNGRun1 -->
    </test> <!-- Window1 -->
  </suite> <!-- TestAll -->
</testng-results>
